[      90ms] [INFO] %cDownload the React DevTools for a better development experience: https://react.dev/link/react-devtools font-weight:bold @ http://localhost:3001/_next/static/chunks/node_modules_next_dist_115brz8._.js:2477
[     102ms] [LOG] [HMR] connected @ http://localhost:3001/_next/static/chunks/node_modules_next_dist_115brz8._.js:2477
[     182ms] Error: Hydration failed because the server rendered text didn't match the client. As a result this tree will be regenerated on the client. This can happen if a SSR-ed Client Component used:

- A server/client branch `if (typeof window !== 'undefined')`.
- Variable input such as `Date.now()` or `Math.random()` which changes each time it's called.
- Date formatting in a user's locale which doesn't match the server.
- External changing data without sending a snapshot of it along with the HTML.
- Invalid HTML tag nesting.

It can also happen if the client has a browser extension installed which messes with the HTML before React loaded.

https://react.dev/link/hydration-mismatch

  ...
    <RedirectBoundary>
      <RedirectErrorBoundary router={{...}}>
        <InnerLayoutRouter url="/quotes" tree={[...]} params={{}} cacheNode={{rsc:{...}, ...}} segmentPath={[...]} ...>
          <SegmentViewNode type="page" pagePath="quotes/pag...">
            <SegmentTrieNode>
            <ClientPageRoot Component={function QuotesPage} serverProvidedParams={{...}}>
              <QuotesPage params={Promise} searchParams={Promise}>
                <div className="min-h-scre...">
                  <div className="max-w-6xl ...">
                    <h1>
                    <div>
                    <div className="grid grid-...">
                      <QuoteCard>
                      <QuoteCard>
                      <QuoteCard>
                      <QuoteCard>
                      <QuoteCard>
                      <QuoteCard>
                      <QuoteCard>
                      <QuoteCard>
                      <QuoteCard>
                      <QuoteCard>
                      <QuoteCard>
                      <QuoteCard>
                      <QuoteCard>
                      <QuoteCard quote={{id:14,text:"Su...", ...}} isFavorite={true} ...>
                        <div onClick={function handleCardClick} className="bg-white d...">
                          <p>
                          <p>
                          <div onClick={function handleFavoriteClick}>
                            <FavoriteButton isFavorite={true} onToggle={function onToggle}>
                              <button
                                onClick={function onToggle}
                                className="flex items-center gap-2 px-6 py-3 rounded-lg font-medium transition-colors"
                                style={{
+                                 backgroundColor: "#ef4444"
+                                 color: "white"
-                                 color: "rgb(17, 24, 39)"
-                                 background-color: "rgb(229, 231, 235)"
                                }}
                                onMouseEnter={function onMouseEnter}
                                onMouseLeave={function onMouseLeave}
+                               aria-label="즐겨찾기 해제"
-                               aria-label="즐겨찾기 추가"
                              >
                                <svg
                                  className="w-5 h-5"
+                                 fill="currentColor"
-                                 fill="none"
                                  stroke="currentColor"
                                  viewBox="0 0 24 24"
                                >
+                               즐겨찾기 해제
-                               즐겨찾기
                      ...
          ...
        ...

    at throwOnHydrationMismatch (http://localhost:3001/_next/static/chunks/node_modules_next_dist_compiled_react-dom_058-ah~._.js:3318:56)
    at completeWork (http://localhost:3001/_next/static/chunks/node_modules_next_dist_compiled_react-dom_058-ah~._.js:7021:36)
    at runWithFiberInDEV (http://localhost:3001/_next/static/chunks/node_modules_next_dist_compiled_react-dom_058-ah~._.js:965:74)
    at completeUnitOfWork (http://localhost:3001/_next/static/chunks/node_modules_next_dist_compiled_react-dom_058-ah~._.js:9622:23)
    at performUnitOfWork (http://localhost:3001/_next/static/chunks/node_modules_next_dist_compiled_react-dom_058-ah~._.js:9557:28)
    at workLoopConcurrentByScheduler (http://localhost:3001/_next/static/chunks/node_modules_next_dist_compiled_react-dom_058-ah~._.js:9551:58)
    at renderRootConcurrent (http://localhost:3001/_next/static/chunks/node_modules_next_dist_compiled_react-dom_058-ah~._.js:9534:71)
    at performWorkOnRoot (http://localhost:3001/_next/static/chunks/node_modules_next_dist_compiled_react-dom_058-ah~._.js:9061:150)
    at performWorkOnRootViaSchedulerTask (http://localhost:3001/_next/static/chunks/node_modules_next_dist_compiled_react-dom_058-ah~._.js:10255:9)
    at MessagePort.performWorkUntilDeadline (http://localhost:3001/_next/static/chunks/node_modules_next_dist_compiled_0rpq4pf._.js:2647:64)
[   17504ms] [LOG] [Fast Refresh] rebuilding @ http://localhost:3001/_next/static/chunks/node_modules_next_dist_115brz8._.js:2477
[   17536ms] [LOG] [Fast Refresh] done in 27ms @ http://localhost:3001/_next/static/chunks/node_modules_next_dist_115brz8._.js:2477
